1731238861.753636 client started (23797): version 3.5a, socket /tmp/tmux-1000/default, protocol 8
1731238861.753653 on Linux 6.11.6-arch1-1 #1 SMP PREEMPT_DYNAMIC Fri, 01 Nov 2024 03:30:41 +0000
1731238861.753659 using libevent 2.1.12-stable poll
1731238861.753665 using utf8proc 2.9.0
1731238861.753667 using ncurses 6.5 20240427
1731238861.753683 flags are 0x18010000
1731238861.753686 socket is /tmp/tmux-1000/default
1731238861.753694 trying connect
1731238861.753702 connect failed: Connection refused
1731238861.753707 lock file is /tmp/tmux-1000/default.lock
1731238861.753718 flock succeeded
1731238861.753721 got lock (6)
1731238861.753725 trying connect
1731238861.753729 connect failed: Connection refused
1731238861.753870 add peer 0x63318e7dc000: 7 ((nil))
1731238861.754163 sending message 111 to peer 0x63318e7dc000 (8 bytes)
1731238861.754170 sending message 111 to peer 0x63318e7dc000 (8 bytes)
1731238861.754173 sending message 101 to peer 0x63318e7dc000 (12 bytes)
1731238861.754175 sending message 109 to peer 0x63318e7dc000 (4 bytes)
1731238861.754177 sending message 102 to peer 0x63318e7dc000 (11 bytes)
1731238861.754180 sending message 108 to peer 0x63318e7dc000 (32 bytes)
1731238861.754182 sending message 112 to peer 0x63318e7dc000 (70 bytes)
1731238861.754184 sending message 112 to peer 0x63318e7dc000 (5 bytes)
1731238861.754187 sending message 112 to peer 0x63318e7dc000 (6 bytes)
1731238861.754189 sending message 112 to peer 0x63318e7dc000 (6 bytes)
1731238861.754192 sending message 112 to peer 0x63318e7dc000 (10 bytes)
1731238861.754194 sending message 112 to peer 0x63318e7dc000 (13 bytes)
1731238861.754197 sending message 112 to peer 0x63318e7dc000 (14 bytes)
1731238861.754199 sending message 112 to peer 0x63318e7dc000 (19 bytes)
1731238861.754202 sending message 112 to peer 0x63318e7dc000 (11 bytes)
1731238861.754204 sending message 112 to peer 0x63318e7dc000 (10 bytes)
1731238861.754207 sending message 112 to peer 0x63318e7dc000 (15 bytes)
1731238861.754209 sending message 112 to peer 0x63318e7dc000 (21 bytes)
1731238861.754211 sending message 112 to peer 0x63318e7dc000 (13 bytes)
1731238861.754214 sending message 112 to peer 0x63318e7dc000 (7 bytes)
1731238861.754216 sending message 112 to peer 0x63318e7dc000 (13 bytes)
1731238861.754219 sending message 112 to peer 0x63318e7dc000 (7 bytes)
1731238861.754221 sending message 112 to peer 0x63318e7dc000 (13 bytes)
1731238861.754224 sending message 112 to peer 0x63318e7dc000 (9 bytes)
1731238861.754226 sending message 112 to peer 0x63318e7dc000 (21 bytes)
1731238861.754228 sending message 112 to peer 0x63318e7dc000 (13 bytes)
1731238861.754231 sending message 112 to peer 0x63318e7dc000 (9 bytes)
1731238861.754233 sending message 112 to peer 0x63318e7dc000 (16 bytes)
1731238861.754235 sending message 112 to peer 0x63318e7dc000 (13 bytes)
1731238861.754238 sending message 112 to peer 0x63318e7dc000 (9 bytes)
1731238861.754240 sending message 112 to peer 0x63318e7dc000 (9 bytes)
1731238861.754242 sending message 112 to peer 0x63318e7dc000 (12 bytes)
1731238861.754245 sending message 112 to peer 0x63318e7dc000 (8 bytes)
1731238861.754247 sending message 112 to peer 0x63318e7dc000 (13 bytes)
1731238861.754250 sending message 112 to peer 0x63318e7dc000 (7 bytes)
1731238861.754252 sending message 112 to peer 0x63318e7dc000 (7 bytes)
1731238861.754255 sending message 112 to peer 0x63318e7dc000 (9 bytes)
1731238861.754257 sending message 112 to peer 0x63318e7dc000 (6 bytes)
1731238861.754259 sending message 112 to peer 0x63318e7dc000 (9 bytes)
1731238861.754262 sending message 112 to peer 0x63318e7dc000 (15 bytes)
1731238861.754264 sending message 112 to peer 0x63318e7dc000 (13 bytes)
1731238861.754266 sending message 112 to peer 0x63318e7dc000 (12 bytes)
1731238861.754269 sending message 112 to peer 0x63318e7dc000 (8 bytes)
1731238861.754272 sending message 112 to peer 0x63318e7dc000 (14 bytes)
1731238861.754274 sending message 112 to peer 0x63318e7dc000 (9 bytes)
1731238861.754277 sending message 112 to peer 0x63318e7dc000 (10 bytes)
1731238861.754279 sending message 112 to peer 0x63318e7dc000 (10 bytes)
1731238861.754296 sending message 112 to peer 0x63318e7dc000 (10 bytes)
1731238861.754299 sending message 112 to peer 0x63318e7dc000 (10 bytes)
1731238861.754301 sending message 112 to peer 0x63318e7dc000 (11 bytes)
1731238861.754304 sending message 112 to peer 0x63318e7dc000 (12 bytes)
1731238861.754306 sending message 112 to peer 0x63318e7dc000 (12 bytes)
1731238861.754309 sending message 112 to peer 0x63318e7dc000 (12 bytes)
1731238861.754311 sending message 112 to peer 0x63318e7dc000 (12 bytes)
1731238861.754313 sending message 112 to peer 0x63318e7dc000 (12 bytes)
1731238861.754316 sending message 112 to peer 0x63318e7dc000 (11 bytes)
1731238861.754318 sending message 112 to peer 0x63318e7dc000 (11 bytes)
1731238861.754320 sending message 112 to peer 0x63318e7dc000 (12 bytes)
1731238861.754322 sending message 112 to peer 0x63318e7dc000 (12 bytes)
1731238861.754325 sending message 112 to peer 0x63318e7dc000 (12 bytes)
1731238861.754327 sending message 112 to peer 0x63318e7dc000 (12 bytes)
1731238861.754329 sending message 112 to peer 0x63318e7dc000 (12 bytes)
1731238861.754331 sending message 112 to peer 0x63318e7dc000 (9 bytes)
1731238861.754334 sending message 112 to peer 0x63318e7dc000 (12 bytes)
1731238861.754336 sending message 112 to peer 0x63318e7dc000 (13 bytes)
1731238861.754338 sending message 112 to peer 0x63318e7dc000 (13 bytes)
1731238861.754341 sending message 112 to peer 0x63318e7dc000 (13 bytes)
1731238861.754343 sending message 112 to peer 0x63318e7dc000 (13 bytes)
1731238861.754345 sending message 112 to peer 0x63318e7dc000 (13 bytes)
1731238861.754348 sending message 112 to peer 0x63318e7dc000 (8 bytes)
1731238861.754350 sending message 112 to peer 0x63318e7dc000 (11 bytes)
1731238861.754353 sending message 112 to peer 0x63318e7dc000 (11 bytes)
1731238861.754355 sending message 112 to peer 0x63318e7dc000 (11 bytes)
1731238861.754357 sending message 112 to peer 0x63318e7dc000 (12 bytes)
1731238861.754360 sending message 112 to peer 0x63318e7dc000 (12 bytes)
1731238861.754362 sending message 112 to peer 0x63318e7dc000 (13 bytes)
1731238861.754364 sending message 112 to peer 0x63318e7dc000 (12 bytes)
1731238861.754366 sending message 112 to peer 0x63318e7dc000 (13 bytes)
1731238861.754369 sending message 112 to peer 0x63318e7dc000 (13 bytes)
1731238861.754371 sending message 112 to peer 0x63318e7dc000 (13 bytes)
1731238861.754373 sending message 112 to peer 0x63318e7dc000 (8 bytes)
1731238861.754376 sending message 112 to peer 0x63318e7dc000 (13 bytes)
1731238861.754378 sending message 112 to peer 0x63318e7dc000 (13 bytes)
1731238861.754380 sending message 112 to peer 0x63318e7dc000 (13 bytes)
1731238861.754383 sending message 112 to peer 0x63318e7dc000 (13 bytes)
1731238861.754385 sending message 112 to peer 0x63318e7dc000 (13 bytes)
1731238861.754388 sending message 112 to peer 0x63318e7dc000 (12 bytes)
1731238861.754390 sending message 112 to peer 0x63318e7dc000 (12 bytes)
1731238861.754392 sending message 112 to peer 0x63318e7dc000 (13 bytes)
1731238861.754395 sending message 112 to peer 0x63318e7dc000 (12 bytes)
1731238861.754397 sending message 112 to peer 0x63318e7dc000 (13 bytes)
1731238861.754399 sending message 112 to peer 0x63318e7dc000 (8 bytes)
1731238861.754402 sending message 112 to peer 0x63318e7dc000 (13 bytes)
1731238861.754404 sending message 112 to peer 0x63318e7dc000 (13 bytes)
1731238861.754406 sending message 112 to peer 0x63318e7dc000 (13 bytes)
1731238861.754409 sending message 112 to peer 0x63318e7dc000 (13 bytes)
1731238861.754411 sending message 112 to peer 0x63318e7dc000 (13 bytes)
1731238861.754413 sending message 112 to peer 0x63318e7dc000 (13 bytes)
1731238861.754416 sending message 112 to peer 0x63318e7dc000 (13 bytes)
1731238861.754418 sending message 112 to peer 0x63318e7dc000 (12 bytes)
1731238861.754420 sending message 112 to peer 0x63318e7dc000 (12 bytes)
1731238861.754423 sending message 112 to peer 0x63318e7dc000 (13 bytes)
1731238861.754425 sending message 112 to peer 0x63318e7dc000 (8 bytes)
1731238861.754427 sending message 112 to peer 0x63318e7dc000 (12 bytes)
1731238861.754433 sending message 112 to peer 0x63318e7dc000 (13 bytes)
1731238861.754435 sending message 112 to peer 0x63318e7dc000 (13 bytes)
1731238861.754438 sending message 112 to peer 0x63318e7dc000 (13 bytes)
1731238861.754440 sending message 112 to peer 0x63318e7dc000 (13 bytes)
1731238861.754442 sending message 112 to peer 0x63318e7dc000 (13 bytes)
1731238861.754445 sending message 112 to peer 0x63318e7dc000 (13 bytes)
1731238861.754447 sending message 112 to peer 0x63318e7dc000 (13 bytes)
1731238861.754449 sending message 112 to peer 0x63318e7dc000 (13 bytes)
1731238861.754451 sending message 112 to peer 0x63318e7dc000 (12 bytes)
1731238861.754454 sending message 112 to peer 0x63318e7dc000 (10 bytes)
1731238861.754456 sending message 112 to peer 0x63318e7dc000 (12 bytes)
1731238861.754458 sending message 112 to peer 0x63318e7dc000 (13 bytes)
1731238861.754461 sending message 112 to peer 0x63318e7dc000 (12 bytes)
1731238861.754463 sending message 112 to peer 0x63318e7dc000 (13 bytes)
1731238861.754465 sending message 112 to peer 0x63318e7dc000 (13 bytes)
1731238861.754468 sending message 112 to peer 0x63318e7dc000 (13 bytes)
1731238861.754470 sending message 112 to peer 0x63318e7dc000 (13 bytes)
1731238861.754472 sending message 112 to peer 0x63318e7dc000 (13 bytes)
1731238861.754475 sending message 112 to peer 0x63318e7dc000 (13 bytes)
1731238861.754477 sending message 112 to peer 0x63318e7dc000 (13 bytes)
1731238861.754479 sending message 112 to peer 0x63318e7dc000 (10 bytes)
1731238861.754482 sending message 112 to peer 0x63318e7dc000 (13 bytes)
1731238861.754484 sending message 112 to peer 0x63318e7dc000 (12 bytes)
1731238861.754486 sending message 112 to peer 0x63318e7dc000 (12 bytes)
1731238861.754489 sending message 112 to peer 0x63318e7dc000 (13 bytes)
1731238861.754491 sending message 112 to peer 0x63318e7dc000 (10 bytes)
1731238861.754494 sending message 112 to peer 0x63318e7dc000 (10 bytes)
1731238861.754496 sending message 112 to peer 0x63318e7dc000 (10 bytes)
1731238861.754498 sending message 112 to peer 0x63318e7dc000 (12 bytes)
1731238861.754501 sending message 112 to peer 0x63318e7dc000 (13 bytes)
1731238861.754503 sending message 112 to peer 0x63318e7dc000 (13 bytes)
1731238861.754505 sending message 112 to peer 0x63318e7dc000 (13 bytes)
1731238861.754507 sending message 112 to peer 0x63318e7dc000 (13 bytes)
1731238861.754510 sending message 112 to peer 0x63318e7dc000 (13 bytes)
1731238861.754512 sending message 112 to peer 0x63318e7dc000 (10 bytes)
1731238861.754514 sending message 112 to peer 0x63318e7dc000 (11 bytes)
1731238861.754517 sending message 112 to peer 0x63318e7dc000 (12 bytes)
1731238861.754519 sending message 112 to peer 0x63318e7dc000 (12 bytes)
1731238861.754521 sending message 112 to peer 0x63318e7dc000 (12 bytes)
1731238861.754524 sending message 112 to peer 0x63318e7dc000 (12 bytes)
1731238861.754526 sending message 112 to peer 0x63318e7dc000 (12 bytes)
1731238861.754528 sending message 112 to peer 0x63318e7dc000 (11 bytes)
1731238861.754530 sending message 112 to peer 0x63318e7dc000 (12 bytes)
1731238861.754533 sending message 112 to peer 0x63318e7dc000 (12 bytes)
1731238861.754535 sending message 112 to peer 0x63318e7dc000 (13 bytes)
1731238861.754537 sending message 112 to peer 0x63318e7dc000 (13 bytes)
1731238861.754540 sending message 112 to peer 0x63318e7dc000 (13 bytes)
1731238861.754542 sending message 112 to peer 0x63318e7dc000 (13 bytes)
1731238861.754544 sending message 112 to peer 0x63318e7dc000 (13 bytes)
1731238861.754546 sending message 112 to peer 0x63318e7dc000 (10 bytes)
1731238861.754549 sending message 112 to peer 0x63318e7dc000 (9 bytes)
1731238861.754551 sending message 112 to peer 0x63318e7dc000 (12 bytes)
1731238861.754553 sending message 112 to peer 0x63318e7dc000 (13 bytes)
1731238861.754556 sending message 112 to peer 0x63318e7dc000 (13 bytes)
1731238861.754558 sending message 112 to peer 0x63318e7dc000 (13 bytes)
1731238861.754560 sending message 112 to peer 0x63318e7dc000 (13 bytes)
1731238861.754563 sending message 112 to peer 0x63318e7dc000 (13 bytes)
1731238861.754569 sending message 112 to peer 0x63318e7dc000 (9 bytes)
1731238861.754571 sending message 112 to peer 0x63318e7dc000 (12 bytes)
1731238861.754574 sending message 112 to peer 0x63318e7dc000 (13 bytes)
1731238861.754576 sending message 112 to peer 0x63318e7dc000 (13 bytes)
1731238861.754578 sending message 112 to peer 0x63318e7dc000 (13 bytes)
1731238861.754581 sending message 112 to peer 0x63318e7dc000 (13 bytes)
1731238861.754583 sending message 112 to peer 0x63318e7dc000 (13 bytes)
1731238861.754585 sending message 112 to peer 0x63318e7dc000 (11 bytes)
1731238861.754587 sending message 112 to peer 0x63318e7dc000 (12 bytes)
1731238861.754590 sending message 112 to peer 0x63318e7dc000 (13 bytes)
1731238861.754592 sending message 112 to peer 0x63318e7dc000 (13 bytes)
1731238861.754594 sending message 112 to peer 0x63318e7dc000 (13 bytes)
1731238861.754597 sending message 112 to peer 0x63318e7dc000 (13 bytes)
1731238861.754599 sending message 112 to peer 0x63318e7dc000 (13 bytes)
1731238861.754601 sending message 112 to peer 0x63318e7dc000 (11 bytes)
1731238861.754604 sending message 112 to peer 0x63318e7dc000 (12 bytes)
1731238861.754606 sending message 112 to peer 0x63318e7dc000 (12 bytes)
1731238861.754609 sending message 112 to peer 0x63318e7dc000 (12 bytes)
1731238861.754611 sending message 112 to peer 0x63318e7dc000 (12 bytes)
1731238861.754613 sending message 112 to peer 0x63318e7dc000 (12 bytes)
1731238861.754616 sending message 112 to peer 0x63318e7dc000 (22 bytes)
1731238861.754618 sending message 112 to peer 0x63318e7dc000 (12 bytes)
1731238861.754620 sending message 112 to peer 0x63318e7dc000 (9 bytes)
1731238861.754623 sending message 112 to peer 0x63318e7dc000 (6 bytes)
1731238861.754625 sending message 112 to peer 0x63318e7dc000 (13 bytes)
1731238861.754627 sending message 112 to peer 0x63318e7dc000 (10 bytes)
1731238861.754630 sending message 112 to peer 0x63318e7dc000 (15 bytes)
1731238861.754632 sending message 112 to peer 0x63318e7dc000 (11 bytes)
1731238861.754635 sending message 112 to peer 0x63318e7dc000 (9 bytes)
1731238861.754637 sending message 112 to peer 0x63318e7dc000 (70 bytes)
1731238861.754639 sending message 112 to peer 0x63318e7dc000 (69 bytes)
1731238861.754642 sending message 112 to peer 0x63318e7dc000 (34 bytes)
1731238861.754644 sending message 112 to peer 0x63318e7dc000 (34 bytes)
1731238861.754646 sending message 112 to peer 0x63318e7dc000 (69 bytes)
1731238861.754649 sending message 112 to peer 0x63318e7dc000 (12 bytes)
1731238861.754651 sending message 112 to peer 0x63318e7dc000 (10 bytes)
1731238861.754654 sending message 112 to peer 0x63318e7dc000 (10 bytes)
1731238861.754656 sending message 112 to peer 0x63318e7dc000 (15 bytes)
1731238861.754659 sending message 112 to peer 0x63318e7dc000 (11 bytes)
1731238861.754661 sending message 112 to peer 0x63318e7dc000 (10 bytes)
1731238861.754663 sending message 112 to peer 0x63318e7dc000 (10 bytes)
1731238861.754666 sending message 112 to peer 0x63318e7dc000 (17 bytes)
1731238861.754668 sending message 112 to peer 0x63318e7dc000 (10 bytes)
1731238861.754671 sending message 112 to peer 0x63318e7dc000 (13 bytes)
1731238861.754673 sending message 112 to peer 0x63318e7dc000 (17 bytes)
1731238861.754675 sending message 112 to peer 0x63318e7dc000 (5 bytes)
1731238861.754678 sending message 112 to peer 0x63318e7dc000 (9 bytes)
1731238861.754680 sending message 112 to peer 0x63318e7dc000 (15 bytes)
1731238861.754683 sending message 104 to peer 0x63318e7dc000 (0 bytes)
1731238861.754686 sending message 110 to peer 0x63318e7dc000 (0 bytes)
1731238861.754689 sending message 107 to peer 0x63318e7dc000 (4 bytes)
1731238861.754691 sending message 105 to peer 0x63318e7dc000 (20 bytes)
1731238861.754693 sending message 105 to peer 0x63318e7dc000 (20 bytes)
1731238861.754696 sending message 105 to peer 0x63318e7dc000 (22 bytes)
1731238861.754698 sending message 105 to peer 0x63318e7dc000 (58 bytes)
1731238861.754701 sending message 105 to peer 0x63318e7dc000 (24 bytes)
1731238861.754703 sending message 105 to peer 0x63318e7dc000 (20 bytes)
1731238861.754708 sending message 105 to peer 0x63318e7dc000 (38 bytes)
1731238861.754711 sending message 105 to peer 0x63318e7dc000 (39 bytes)
1731238861.754713 sending message 105 to peer 0x63318e7dc000 (43 bytes)
1731238861.754716 sending message 105 to peer 0x63318e7dc000 (25 bytes)
1731238861.754718 sending message 105 to peer 0x63318e7dc000 (37 bytes)
1731238861.754720 sending message 105 to peer 0x63318e7dc000 (16 bytes)
1731238861.754723 sending message 105 to peer 0x63318e7dc000 (64 bytes)
1731238861.754725 sending message 105 to peer 0x63318e7dc000 (16 bytes)
1731238861.754728 sending message 105 to peer 0x63318e7dc000 (12 bytes)
1731238861.754730 sending message 105 to peer 0x63318e7dc000 (15 bytes)
1731238861.754732 sending message 105 to peer 0x63318e7dc000 (36 bytes)
1731238861.754735 sending message 105 to peer 0x63318e7dc000 (29 bytes)
1731238861.754737 sending message 105 to peer 0x63318e7dc000 (12 bytes)
1731238861.754740 sending message 105 to peer 0x63318e7dc000 (27 bytes)
1731238861.754742 sending message 105 to peer 0x63318e7dc000 (27 bytes)
1731238861.754744 sending message 105 to peer 0x63318e7dc000 (25 bytes)
1731238861.754747 sending message 105 to peer 0x63318e7dc000 (60 bytes)
1731238861.754749 sending message 105 to peer 0x63318e7dc000 (15 bytes)
1731238861.754751 sending message 105 to peer 0x63318e7dc000 (15 bytes)
1731238861.754753 sending message 105 to peer 0x63318e7dc000 (17 bytes)
1731238861.754756 sending message 105 to peer 0x63318e7dc000 (30 bytes)
1731238861.754758 sending message 105 to peer 0x63318e7dc000 (29 bytes)
1731238861.754761 sending message 105 to peer 0x63318e7dc000 (20 bytes)
1731238861.754763 sending message 105 to peer 0x63318e7dc000 (26 bytes)
1731238861.754765 sending message 105 to peer 0x63318e7dc000 (18 bytes)
1731238861.754768 sending message 105 to peer 0x63318e7dc000 (52 bytes)
1731238861.754770 sending message 105 to peer 0x63318e7dc000 (38 bytes)
1731238861.754772 sending message 105 to peer 0x63318e7dc000 (28 bytes)
1731238861.754775 sending message 105 to peer 0x63318e7dc000 (86 bytes)
1731238861.754777 sending message 105 to peer 0x63318e7dc000 (57 bytes)
1731238861.754779 sending message 105 to peer 0x63318e7dc000 (23 bytes)
1731238861.754782 sending message 105 to peer 0x63318e7dc000 (35 bytes)
1731238861.754784 sending message 105 to peer 0x63318e7dc000 (33 bytes)
1731238861.754786 sending message 105 to peer 0x63318e7dc000 (17 bytes)
1731238861.754789 sending message 105 to peer 0x63318e7dc000 (9 bytes)
1731238861.754791 sending message 105 to peer 0x63318e7dc000 (24 bytes)
1731238861.754794 sending message 105 to peer 0x63318e7dc000 (20 bytes)
1731238861.754796 sending message 105 to peer 0x63318e7dc000 (23 bytes)
1731238861.754798 sending message 105 to peer 0x63318e7dc000 (50 bytes)
1731238861.754801 sending message 105 to peer 0x63318e7dc000 (91 bytes)
1731238861.754803 sending message 105 to peer 0x63318e7dc000 (11 bytes)
1731238861.754806 sending message 105 to peer 0x63318e7dc000 (8 bytes)
1731238861.754808 sending message 105 to peer 0x63318e7dc000 (21 bytes)
1731238861.754810 sending message 105 to peer 0x63318e7dc000 (48 bytes)
1731238861.754813 sending message 105 to peer 0x63318e7dc000 (34 bytes)
1731238861.754815 sending message 105 to peer 0x63318e7dc000 (56 bytes)
1731238861.754818 sending message 105 to peer 0x63318e7dc000 (60 bytes)
1731238861.754820 sending message 105 to peer 0x63318e7dc000 (11 bytes)
1731238861.754822 sending message 105 to peer 0x63318e7dc000 (17 bytes)
1731238861.754824 sending message 105 to peer 0x63318e7dc000 (31 bytes)
1731238861.754827 sending message 105 to peer 0x63318e7dc000 (27 bytes)
1731238861.754829 sending message 105 to peer 0x63318e7dc000 (50 bytes)
1731238861.754832 sending message 105 to peer 0x63318e7dc000 (30 bytes)
1731238861.754834 sending message 105 to peer 0x63318e7dc000 (118 bytes)
1731238861.754837 sending message 105 to peer 0x63318e7dc000 (26 bytes)
1731238861.754840 sending message 105 to peer 0x63318e7dc000 (1123 bytes)
1731238861.754849 sending message 105 to peer 0x63318e7dc000 (12 bytes)
1731238861.754855 sending message 105 to peer 0x63318e7dc000 (54 bytes)
1731238861.754858 sending message 105 to peer 0x63318e7dc000 (25 bytes)
1731238861.754860 sending message 105 to peer 0x63318e7dc000 (38 bytes)
1731238861.754863 sending message 105 to peer 0x63318e7dc000 (20 bytes)
1731238861.754865 sending message 105 to peer 0x63318e7dc000 (17 bytes)
1731238861.754868 sending message 105 to peer 0x63318e7dc000 (38 bytes)
1731238861.754870 sending message 106 to peer 0x63318e7dc000 (0 bytes)
1731238861.754899 sending message 200 to peer 0x63318e7dc000 (4 bytes)
1731238861.754903 client loop enter
1731238861.754917 client_signal: Child exited
1731238862.194618 peer 0x63318e7dc000 message 207
1731238862.194657 sending message 208 to peer 0x63318e7dc000 (0 bytes)
1731238866.827447 peer 0x63318e7dc000 message 203
1731238866.827481 sending message 205 to peer 0x63318e7dc000 (0 bytes)
1731238866.828124 peer 0x63318e7dc000 message 204
1731238866.828157 client loop exit
