1731238853.646963 client started (23379): version 3.5a, socket /tmp/tmux-1000/default, protocol 8
1731238853.646976 on Linux 6.11.6-arch1-1 #1 SMP PREEMPT_DYNAMIC Fri, 01 Nov 2024 03:30:41 +0000
1731238853.646981 using libevent 2.1.12-stable poll
1731238853.646986 using utf8proc 2.9.0
1731238853.646988 using ncurses 6.5 20240427
1731238853.647002 flags are 0x18010000
1731238853.647004 socket is /tmp/tmux-1000/default
1731238853.647011 trying connect
1731238853.647019 connect failed: No such file or directory
1731238853.647024 lock file is /tmp/tmux-1000/default.lock
1731238853.647032 flock succeeded
1731238853.647034 got lock (6)
1731238853.647037 trying connect
1731238853.647046 connect failed: No such file or directory
1731238853.647182 add peer 0x5cbf987cd020: 7 ((nil))
1731238853.647475 sending message 111 to peer 0x5cbf987cd020 (8 bytes)
1731238853.647482 sending message 111 to peer 0x5cbf987cd020 (8 bytes)
1731238853.647485 sending message 101 to peer 0x5cbf987cd020 (12 bytes)
1731238853.647487 sending message 109 to peer 0x5cbf987cd020 (4 bytes)
1731238853.647490 sending message 102 to peer 0x5cbf987cd020 (11 bytes)
1731238853.647493 sending message 108 to peer 0x5cbf987cd020 (32 bytes)
1731238853.647496 sending message 112 to peer 0x5cbf987cd020 (70 bytes)
1731238853.647499 sending message 112 to peer 0x5cbf987cd020 (5 bytes)
1731238853.647501 sending message 112 to peer 0x5cbf987cd020 (6 bytes)
1731238853.647504 sending message 112 to peer 0x5cbf987cd020 (6 bytes)
1731238853.647506 sending message 112 to peer 0x5cbf987cd020 (10 bytes)
1731238853.647509 sending message 112 to peer 0x5cbf987cd020 (13 bytes)
1731238853.647511 sending message 112 to peer 0x5cbf987cd020 (14 bytes)
1731238853.647513 sending message 112 to peer 0x5cbf987cd020 (19 bytes)
1731238853.647516 sending message 112 to peer 0x5cbf987cd020 (11 bytes)
1731238853.647518 sending message 112 to peer 0x5cbf987cd020 (10 bytes)
1731238853.647520 sending message 112 to peer 0x5cbf987cd020 (15 bytes)
1731238853.647523 sending message 112 to peer 0x5cbf987cd020 (21 bytes)
1731238853.647525 sending message 112 to peer 0x5cbf987cd020 (13 bytes)
1731238853.647527 sending message 112 to peer 0x5cbf987cd020 (7 bytes)
1731238853.647529 sending message 112 to peer 0x5cbf987cd020 (13 bytes)
1731238853.647546 sending message 112 to peer 0x5cbf987cd020 (7 bytes)
1731238853.647549 sending message 112 to peer 0x5cbf987cd020 (13 bytes)
1731238853.647551 sending message 112 to peer 0x5cbf987cd020 (9 bytes)
1731238853.647553 sending message 112 to peer 0x5cbf987cd020 (21 bytes)
1731238853.647555 sending message 112 to peer 0x5cbf987cd020 (13 bytes)
1731238853.647558 sending message 112 to peer 0x5cbf987cd020 (9 bytes)
1731238853.647560 sending message 112 to peer 0x5cbf987cd020 (16 bytes)
1731238853.647562 sending message 112 to peer 0x5cbf987cd020 (13 bytes)
1731238853.647564 sending message 112 to peer 0x5cbf987cd020 (9 bytes)
1731238853.647567 sending message 112 to peer 0x5cbf987cd020 (9 bytes)
1731238853.647569 sending message 112 to peer 0x5cbf987cd020 (12 bytes)
1731238853.647572 sending message 112 to peer 0x5cbf987cd020 (8 bytes)
1731238853.647574 sending message 112 to peer 0x5cbf987cd020 (13 bytes)
1731238853.647576 sending message 112 to peer 0x5cbf987cd020 (7 bytes)
1731238853.647579 sending message 112 to peer 0x5cbf987cd020 (7 bytes)
1731238853.647581 sending message 112 to peer 0x5cbf987cd020 (9 bytes)
1731238853.647583 sending message 112 to peer 0x5cbf987cd020 (6 bytes)
1731238853.647586 sending message 112 to peer 0x5cbf987cd020 (9 bytes)
1731238853.647588 sending message 112 to peer 0x5cbf987cd020 (15 bytes)
1731238853.647591 sending message 112 to peer 0x5cbf987cd020 (13 bytes)
1731238853.647593 sending message 112 to peer 0x5cbf987cd020 (12 bytes)
1731238853.647596 sending message 112 to peer 0x5cbf987cd020 (8 bytes)
1731238853.647598 sending message 112 to peer 0x5cbf987cd020 (14 bytes)
1731238853.647600 sending message 112 to peer 0x5cbf987cd020 (9 bytes)
1731238853.647603 sending message 112 to peer 0x5cbf987cd020 (10 bytes)
1731238853.647605 sending message 112 to peer 0x5cbf987cd020 (10 bytes)
1731238853.647613 sending message 112 to peer 0x5cbf987cd020 (10 bytes)
1731238853.647616 sending message 112 to peer 0x5cbf987cd020 (10 bytes)
1731238853.647618 sending message 112 to peer 0x5cbf987cd020 (11 bytes)
1731238853.647621 sending message 112 to peer 0x5cbf987cd020 (12 bytes)
1731238853.647623 sending message 112 to peer 0x5cbf987cd020 (12 bytes)
1731238853.647626 sending message 112 to peer 0x5cbf987cd020 (12 bytes)
1731238853.647628 sending message 112 to peer 0x5cbf987cd020 (12 bytes)
1731238853.647631 sending message 112 to peer 0x5cbf987cd020 (12 bytes)
1731238853.647633 sending message 112 to peer 0x5cbf987cd020 (11 bytes)
1731238853.647636 sending message 112 to peer 0x5cbf987cd020 (11 bytes)
1731238853.647638 sending message 112 to peer 0x5cbf987cd020 (12 bytes)
1731238853.647641 sending message 112 to peer 0x5cbf987cd020 (12 bytes)
1731238853.647643 sending message 112 to peer 0x5cbf987cd020 (12 bytes)
1731238853.647645 sending message 112 to peer 0x5cbf987cd020 (12 bytes)
1731238853.647648 sending message 112 to peer 0x5cbf987cd020 (12 bytes)
1731238853.647650 sending message 112 to peer 0x5cbf987cd020 (9 bytes)
1731238853.647652 sending message 112 to peer 0x5cbf987cd020 (12 bytes)
1731238853.647655 sending message 112 to peer 0x5cbf987cd020 (13 bytes)
1731238853.647658 sending message 112 to peer 0x5cbf987cd020 (13 bytes)
1731238853.647660 sending message 112 to peer 0x5cbf987cd020 (13 bytes)
1731238853.647662 sending message 112 to peer 0x5cbf987cd020 (13 bytes)
1731238853.647665 sending message 112 to peer 0x5cbf987cd020 (13 bytes)
1731238853.647667 sending message 112 to peer 0x5cbf987cd020 (8 bytes)
1731238853.647669 sending message 112 to peer 0x5cbf987cd020 (11 bytes)
1731238853.647672 sending message 112 to peer 0x5cbf987cd020 (11 bytes)
1731238853.647675 sending message 112 to peer 0x5cbf987cd020 (11 bytes)
1731238853.647677 sending message 112 to peer 0x5cbf987cd020 (12 bytes)
1731238853.647679 sending message 112 to peer 0x5cbf987cd020 (12 bytes)
1731238853.647682 sending message 112 to peer 0x5cbf987cd020 (13 bytes)
1731238853.647684 sending message 112 to peer 0x5cbf987cd020 (12 bytes)
1731238853.647686 sending message 112 to peer 0x5cbf987cd020 (13 bytes)
1731238853.647688 sending message 112 to peer 0x5cbf987cd020 (13 bytes)
1731238853.647691 sending message 112 to peer 0x5cbf987cd020 (13 bytes)
1731238853.647693 sending message 112 to peer 0x5cbf987cd020 (8 bytes)
1731238853.647695 sending message 112 to peer 0x5cbf987cd020 (13 bytes)
1731238853.647698 sending message 112 to peer 0x5cbf987cd020 (13 bytes)
1731238853.647700 sending message 112 to peer 0x5cbf987cd020 (13 bytes)
1731238853.647702 sending message 112 to peer 0x5cbf987cd020 (13 bytes)
1731238853.647705 sending message 112 to peer 0x5cbf987cd020 (13 bytes)
1731238853.647707 sending message 112 to peer 0x5cbf987cd020 (12 bytes)
1731238853.647709 sending message 112 to peer 0x5cbf987cd020 (12 bytes)
1731238853.647712 sending message 112 to peer 0x5cbf987cd020 (13 bytes)
1731238853.647714 sending message 112 to peer 0x5cbf987cd020 (12 bytes)
1731238853.647716 sending message 112 to peer 0x5cbf987cd020 (13 bytes)
1731238853.647719 sending message 112 to peer 0x5cbf987cd020 (8 bytes)
1731238853.647721 sending message 112 to peer 0x5cbf987cd020 (13 bytes)
1731238853.647724 sending message 112 to peer 0x5cbf987cd020 (13 bytes)
1731238853.647726 sending message 112 to peer 0x5cbf987cd020 (13 bytes)
1731238853.647728 sending message 112 to peer 0x5cbf987cd020 (13 bytes)
1731238853.647731 sending message 112 to peer 0x5cbf987cd020 (13 bytes)
1731238853.647733 sending message 112 to peer 0x5cbf987cd020 (13 bytes)
1731238853.647736 sending message 112 to peer 0x5cbf987cd020 (13 bytes)
1731238853.647738 sending message 112 to peer 0x5cbf987cd020 (12 bytes)
1731238853.647740 sending message 112 to peer 0x5cbf987cd020 (12 bytes)
1731238853.647742 sending message 112 to peer 0x5cbf987cd020 (13 bytes)
1731238853.647745 sending message 112 to peer 0x5cbf987cd020 (8 bytes)
1731238853.647747 sending message 112 to peer 0x5cbf987cd020 (12 bytes)
1731238853.647753 sending message 112 to peer 0x5cbf987cd020 (13 bytes)
1731238853.647756 sending message 112 to peer 0x5cbf987cd020 (13 bytes)
1731238853.647758 sending message 112 to peer 0x5cbf987cd020 (13 bytes)
1731238853.647760 sending message 112 to peer 0x5cbf987cd020 (13 bytes)
1731238853.647763 sending message 112 to peer 0x5cbf987cd020 (13 bytes)
1731238853.647765 sending message 112 to peer 0x5cbf987cd020 (13 bytes)
1731238853.647767 sending message 112 to peer 0x5cbf987cd020 (13 bytes)
1731238853.647770 sending message 112 to peer 0x5cbf987cd020 (13 bytes)
1731238853.647772 sending message 112 to peer 0x5cbf987cd020 (12 bytes)
1731238853.647774 sending message 112 to peer 0x5cbf987cd020 (10 bytes)
1731238853.647777 sending message 112 to peer 0x5cbf987cd020 (12 bytes)
1731238853.647779 sending message 112 to peer 0x5cbf987cd020 (13 bytes)
1731238853.647782 sending message 112 to peer 0x5cbf987cd020 (12 bytes)
1731238853.647784 sending message 112 to peer 0x5cbf987cd020 (13 bytes)
1731238853.647786 sending message 112 to peer 0x5cbf987cd020 (13 bytes)
1731238853.647789 sending message 112 to peer 0x5cbf987cd020 (13 bytes)
1731238853.647791 sending message 112 to peer 0x5cbf987cd020 (13 bytes)
1731238853.647793 sending message 112 to peer 0x5cbf987cd020 (13 bytes)
1731238853.647796 sending message 112 to peer 0x5cbf987cd020 (13 bytes)
1731238853.647798 sending message 112 to peer 0x5cbf987cd020 (13 bytes)
1731238853.647800 sending message 112 to peer 0x5cbf987cd020 (10 bytes)
1731238853.647803 sending message 112 to peer 0x5cbf987cd020 (13 bytes)
1731238853.647805 sending message 112 to peer 0x5cbf987cd020 (12 bytes)
1731238853.647808 sending message 112 to peer 0x5cbf987cd020 (12 bytes)
1731238853.647810 sending message 112 to peer 0x5cbf987cd020 (13 bytes)
1731238853.647812 sending message 112 to peer 0x5cbf987cd020 (10 bytes)
1731238853.647815 sending message 112 to peer 0x5cbf987cd020 (10 bytes)
1731238853.647817 sending message 112 to peer 0x5cbf987cd020 (10 bytes)
1731238853.647820 sending message 112 to peer 0x5cbf987cd020 (12 bytes)
1731238853.647822 sending message 112 to peer 0x5cbf987cd020 (13 bytes)
1731238853.647824 sending message 112 to peer 0x5cbf987cd020 (13 bytes)
1731238853.647827 sending message 112 to peer 0x5cbf987cd020 (13 bytes)
1731238853.647829 sending message 112 to peer 0x5cbf987cd020 (13 bytes)
1731238853.647831 sending message 112 to peer 0x5cbf987cd020 (13 bytes)
1731238853.647834 sending message 112 to peer 0x5cbf987cd020 (10 bytes)
1731238853.647836 sending message 112 to peer 0x5cbf987cd020 (11 bytes)
1731238853.647838 sending message 112 to peer 0x5cbf987cd020 (12 bytes)
1731238853.647841 sending message 112 to peer 0x5cbf987cd020 (12 bytes)
1731238853.647843 sending message 112 to peer 0x5cbf987cd020 (12 bytes)
1731238853.647845 sending message 112 to peer 0x5cbf987cd020 (12 bytes)
1731238853.647848 sending message 112 to peer 0x5cbf987cd020 (12 bytes)
1731238853.647850 sending message 112 to peer 0x5cbf987cd020 (11 bytes)
1731238853.647852 sending message 112 to peer 0x5cbf987cd020 (12 bytes)
1731238853.647855 sending message 112 to peer 0x5cbf987cd020 (12 bytes)
1731238853.647857 sending message 112 to peer 0x5cbf987cd020 (13 bytes)
1731238853.647859 sending message 112 to peer 0x5cbf987cd020 (13 bytes)
1731238853.647862 sending message 112 to peer 0x5cbf987cd020 (13 bytes)
1731238853.647864 sending message 112 to peer 0x5cbf987cd020 (13 bytes)
1731238853.647866 sending message 112 to peer 0x5cbf987cd020 (13 bytes)
1731238853.647869 sending message 112 to peer 0x5cbf987cd020 (10 bytes)
1731238853.647871 sending message 112 to peer 0x5cbf987cd020 (9 bytes)
1731238853.647873 sending message 112 to peer 0x5cbf987cd020 (12 bytes)
1731238853.647876 sending message 112 to peer 0x5cbf987cd020 (13 bytes)
1731238853.647878 sending message 112 to peer 0x5cbf987cd020 (13 bytes)
1731238853.647880 sending message 112 to peer 0x5cbf987cd020 (13 bytes)
1731238853.647883 sending message 112 to peer 0x5cbf987cd020 (13 bytes)
1731238853.647885 sending message 112 to peer 0x5cbf987cd020 (13 bytes)
1731238853.647891 sending message 112 to peer 0x5cbf987cd020 (9 bytes)
1731238853.647893 sending message 112 to peer 0x5cbf987cd020 (12 bytes)
1731238853.647896 sending message 112 to peer 0x5cbf987cd020 (13 bytes)
1731238853.647898 sending message 112 to peer 0x5cbf987cd020 (13 bytes)
1731238853.647900 sending message 112 to peer 0x5cbf987cd020 (13 bytes)
1731238853.647903 sending message 112 to peer 0x5cbf987cd020 (13 bytes)
1731238853.647905 sending message 112 to peer 0x5cbf987cd020 (13 bytes)
1731238853.647907 sending message 112 to peer 0x5cbf987cd020 (11 bytes)
1731238853.647910 sending message 112 to peer 0x5cbf987cd020 (12 bytes)
1731238853.647912 sending message 112 to peer 0x5cbf987cd020 (13 bytes)
1731238853.647914 sending message 112 to peer 0x5cbf987cd020 (13 bytes)
1731238853.647917 sending message 112 to peer 0x5cbf987cd020 (13 bytes)
1731238853.647919 sending message 112 to peer 0x5cbf987cd020 (13 bytes)
1731238853.647921 sending message 112 to peer 0x5cbf987cd020 (13 bytes)
1731238853.647923 sending message 112 to peer 0x5cbf987cd020 (11 bytes)
1731238853.647926 sending message 112 to peer 0x5cbf987cd020 (12 bytes)
1731238853.647928 sending message 112 to peer 0x5cbf987cd020 (12 bytes)
1731238853.647931 sending message 112 to peer 0x5cbf987cd020 (12 bytes)
1731238853.647933 sending message 112 to peer 0x5cbf987cd020 (12 bytes)
1731238853.647935 sending message 112 to peer 0x5cbf987cd020 (12 bytes)
1731238853.647938 sending message 112 to peer 0x5cbf987cd020 (22 bytes)
1731238853.647940 sending message 112 to peer 0x5cbf987cd020 (12 bytes)
1731238853.647943 sending message 112 to peer 0x5cbf987cd020 (9 bytes)
1731238853.647945 sending message 112 to peer 0x5cbf987cd020 (6 bytes)
1731238853.647948 sending message 112 to peer 0x5cbf987cd020 (13 bytes)
1731238853.647950 sending message 112 to peer 0x5cbf987cd020 (10 bytes)
1731238853.647952 sending message 112 to peer 0x5cbf987cd020 (15 bytes)
1731238853.647955 sending message 112 to peer 0x5cbf987cd020 (11 bytes)
1731238853.647957 sending message 112 to peer 0x5cbf987cd020 (9 bytes)
1731238853.647959 sending message 112 to peer 0x5cbf987cd020 (70 bytes)
1731238853.647962 sending message 112 to peer 0x5cbf987cd020 (69 bytes)
1731238853.647965 sending message 112 to peer 0x5cbf987cd020 (34 bytes)
1731238853.647967 sending message 112 to peer 0x5cbf987cd020 (34 bytes)
1731238853.647969 sending message 112 to peer 0x5cbf987cd020 (69 bytes)
1731238853.647972 sending message 112 to peer 0x5cbf987cd020 (12 bytes)
1731238853.647974 sending message 112 to peer 0x5cbf987cd020 (10 bytes)
1731238853.647977 sending message 112 to peer 0x5cbf987cd020 (10 bytes)
1731238853.647979 sending message 112 to peer 0x5cbf987cd020 (15 bytes)
1731238853.647981 sending message 112 to peer 0x5cbf987cd020 (11 bytes)
1731238853.647984 sending message 112 to peer 0x5cbf987cd020 (10 bytes)
1731238853.647986 sending message 112 to peer 0x5cbf987cd020 (10 bytes)
1731238853.647989 sending message 112 to peer 0x5cbf987cd020 (17 bytes)
1731238853.647991 sending message 112 to peer 0x5cbf987cd020 (10 bytes)
1731238853.647993 sending message 112 to peer 0x5cbf987cd020 (13 bytes)
1731238853.647996 sending message 112 to peer 0x5cbf987cd020 (17 bytes)
1731238853.647998 sending message 112 to peer 0x5cbf987cd020 (5 bytes)
1731238853.648001 sending message 112 to peer 0x5cbf987cd020 (9 bytes)
1731238853.648003 sending message 112 to peer 0x5cbf987cd020 (15 bytes)
1731238853.648006 sending message 104 to peer 0x5cbf987cd020 (0 bytes)
1731238853.648008 sending message 110 to peer 0x5cbf987cd020 (0 bytes)
1731238853.648011 sending message 107 to peer 0x5cbf987cd020 (4 bytes)
1731238853.648014 sending message 105 to peer 0x5cbf987cd020 (20 bytes)
1731238853.648016 sending message 105 to peer 0x5cbf987cd020 (20 bytes)
1731238853.648019 sending message 105 to peer 0x5cbf987cd020 (22 bytes)
1731238853.648021 sending message 105 to peer 0x5cbf987cd020 (58 bytes)
1731238853.648024 sending message 105 to peer 0x5cbf987cd020 (24 bytes)
1731238853.648026 sending message 105 to peer 0x5cbf987cd020 (20 bytes)
1731238853.648031 sending message 105 to peer 0x5cbf987cd020 (38 bytes)
1731238853.648034 sending message 105 to peer 0x5cbf987cd020 (39 bytes)
1731238853.648036 sending message 105 to peer 0x5cbf987cd020 (43 bytes)
1731238853.648039 sending message 105 to peer 0x5cbf987cd020 (25 bytes)
1731238853.648041 sending message 105 to peer 0x5cbf987cd020 (37 bytes)
1731238853.648044 sending message 105 to peer 0x5cbf987cd020 (16 bytes)
1731238853.648046 sending message 105 to peer 0x5cbf987cd020 (64 bytes)
1731238853.648048 sending message 105 to peer 0x5cbf987cd020 (16 bytes)
1731238853.648051 sending message 105 to peer 0x5cbf987cd020 (12 bytes)
1731238853.648053 sending message 105 to peer 0x5cbf987cd020 (15 bytes)
1731238853.648055 sending message 105 to peer 0x5cbf987cd020 (36 bytes)
1731238853.648057 sending message 105 to peer 0x5cbf987cd020 (29 bytes)
1731238853.648060 sending message 105 to peer 0x5cbf987cd020 (12 bytes)
1731238853.648062 sending message 105 to peer 0x5cbf987cd020 (27 bytes)
1731238853.648065 sending message 105 to peer 0x5cbf987cd020 (27 bytes)
1731238853.648067 sending message 105 to peer 0x5cbf987cd020 (25 bytes)
1731238853.648069 sending message 105 to peer 0x5cbf987cd020 (60 bytes)
1731238853.648072 sending message 105 to peer 0x5cbf987cd020 (15 bytes)
1731238853.648074 sending message 105 to peer 0x5cbf987cd020 (15 bytes)
1731238853.648076 sending message 105 to peer 0x5cbf987cd020 (17 bytes)
1731238853.648078 sending message 105 to peer 0x5cbf987cd020 (30 bytes)
1731238853.648081 sending message 105 to peer 0x5cbf987cd020 (29 bytes)
1731238853.648083 sending message 105 to peer 0x5cbf987cd020 (20 bytes)
1731238853.648086 sending message 105 to peer 0x5cbf987cd020 (26 bytes)
1731238853.648088 sending message 105 to peer 0x5cbf987cd020 (18 bytes)
1731238853.648090 sending message 105 to peer 0x5cbf987cd020 (52 bytes)
1731238853.648093 sending message 105 to peer 0x5cbf987cd020 (38 bytes)
1731238853.648095 sending message 105 to peer 0x5cbf987cd020 (28 bytes)
1731238853.648098 sending message 105 to peer 0x5cbf987cd020 (86 bytes)
1731238853.648100 sending message 105 to peer 0x5cbf987cd020 (57 bytes)
1731238853.648102 sending message 105 to peer 0x5cbf987cd020 (23 bytes)
1731238853.648105 sending message 105 to peer 0x5cbf987cd020 (35 bytes)
1731238853.648107 sending message 105 to peer 0x5cbf987cd020 (33 bytes)
1731238853.648109 sending message 105 to peer 0x5cbf987cd020 (17 bytes)
1731238853.648112 sending message 105 to peer 0x5cbf987cd020 (9 bytes)
1731238853.648114 sending message 105 to peer 0x5cbf987cd020 (24 bytes)
1731238853.648117 sending message 105 to peer 0x5cbf987cd020 (20 bytes)
1731238853.648119 sending message 105 to peer 0x5cbf987cd020 (23 bytes)
1731238853.648121 sending message 105 to peer 0x5cbf987cd020 (50 bytes)
1731238853.648124 sending message 105 to peer 0x5cbf987cd020 (91 bytes)
1731238853.648126 sending message 105 to peer 0x5cbf987cd020 (11 bytes)
1731238853.648128 sending message 105 to peer 0x5cbf987cd020 (8 bytes)
1731238853.648130 sending message 105 to peer 0x5cbf987cd020 (21 bytes)
1731238853.648133 sending message 105 to peer 0x5cbf987cd020 (48 bytes)
1731238853.648135 sending message 105 to peer 0x5cbf987cd020 (34 bytes)
1731238853.648137 sending message 105 to peer 0x5cbf987cd020 (56 bytes)
1731238853.648140 sending message 105 to peer 0x5cbf987cd020 (60 bytes)
1731238853.648142 sending message 105 to peer 0x5cbf987cd020 (11 bytes)
1731238853.648144 sending message 105 to peer 0x5cbf987cd020 (17 bytes)
1731238853.648147 sending message 105 to peer 0x5cbf987cd020 (31 bytes)
1731238853.648149 sending message 105 to peer 0x5cbf987cd020 (27 bytes)
1731238853.648151 sending message 105 to peer 0x5cbf987cd020 (50 bytes)
1731238853.648154 sending message 105 to peer 0x5cbf987cd020 (30 bytes)
1731238853.648156 sending message 105 to peer 0x5cbf987cd020 (118 bytes)
1731238853.648159 sending message 105 to peer 0x5cbf987cd020 (26 bytes)
1731238853.648161 sending message 105 to peer 0x5cbf987cd020 (1123 bytes)
1731238853.648171 sending message 105 to peer 0x5cbf987cd020 (12 bytes)
1731238853.648177 sending message 105 to peer 0x5cbf987cd020 (54 bytes)
1731238853.648179 sending message 105 to peer 0x5cbf987cd020 (25 bytes)
1731238853.648182 sending message 105 to peer 0x5cbf987cd020 (38 bytes)
1731238853.648184 sending message 105 to peer 0x5cbf987cd020 (20 bytes)
1731238853.648187 sending message 105 to peer 0x5cbf987cd020 (17 bytes)
1731238853.648189 sending message 105 to peer 0x5cbf987cd020 (38 bytes)
1731238853.648192 sending message 106 to peer 0x5cbf987cd020 (0 bytes)
1731238853.648221 sending message 200 to peer 0x5cbf987cd020 (4 bytes)
1731238853.648224 client loop enter
1731238853.648237 client_signal: Child exited
1731238853.935588 peer 0x5cbf987cd020 message 207
1731238853.935609 sending message 208 to peer 0x5cbf987cd020 (0 bytes)
1731238857.123164 peer 0x5cbf987cd020 message 203
1731238857.123207 sending message 205 to peer 0x5cbf987cd020 (0 bytes)
1731238857.123801 peer 0x5cbf987cd020 message 204
1731238857.123830 client loop exit
